<?xml version="1.0" encoding="UTF-8"?>
<Site BuildName="(empty)"
	BuildStamp="20250330-1607-Experimental"
	Name="(empty)"
	Generator="ctest-3.25.1"
	CompilerName=""
	CompilerVersion=""
	OSName="Linux"
	Hostname="pi"
	OSRelease="6.6.62+rpt-rpi-2712"
	OSVersion="#1 SMP PREEMPT Debian 1:6.6.62-1+rpt1 (2024-11-25)"
	OSPlatform="aarch64"
	Is64Bits="1"
	VendorString=""
	VendorID="Unknown Manufacturer"
	FamilyID="8"
	ModelID="0"
	ProcessorCacheSize="0"
	NumberOfLogicalCPU="4"
	NumberOfPhysicalCPU="1"
	TotalVirtualMemory="199"
	TotalPhysicalMemory="8052"
	LogicalProcessorsPerPhysical="4"
	ProcessorClockFrequency="0"
	>
	<Testing>
		<StartDateTime>Mar 30 15:29 EDT</StartDateTime>
		<StartTestTime>1743362943</StartTestTime>
		<TestList/>
		<EndDateTime>Mar 30 15:29 EDT</EndDateTime>
		<EndTestTime>1743362943</EndTestTime>
		<ElapsedMinutes>0</ElapsedMinutes>
	</Testing>
</Site>
